# JRE version: OpenJDK Runtime Environment (11.0.10) (build 11.0.10+0-b96-7249189)
# Java VM: OpenJDK 64-Bit Server VM (11.0.10+0-b96-7249189, mixed mode, tiered, compressed oops, g1 gc, windows-amd64)
Heap:
 garbage-first heap   total 260096K, used 130380K [0x0000000080000000, 0x0000000100000000)
  region size 1024K, 24 young (24576K), 3 survivors (3072K)
 Metaspace       used 111949K, capacity 115710K, committed 115832K, reserved 1148928K
  class space    used 14620K, capacity 16138K, committed 16248K, reserved 1048576K
GC Heap History (20 events):
Event: 23.509 GC heap before
{Heap before GC invocations=12 (full 0):
 garbage-first heap   total 260096K, used 146432K [0x0000000080000000, 0x0000000100000000)
  region size 1024K, 94 young (96256K), 6 survivors (6144K)
 Metaspace       used 69920K, capacity 71692K, committed 71936K, reserved 1112064K
  class space    used 8979K, capacity 9605K, committed 9728K, reserved 1048576K
}
Event: 23.525 GC heap after
{Heap after GC invocations=13 (full 0):
 garbage-first heap   total 260096K, used 63645K [0x0000000080000000, 0x0000000100000000)
  region size 1024K, 12 young (12288K), 12 survivors (12288K)
 Metaspace       used 69920K, capacity 71692K, committed 71936K, reserved 1112064K
  class space    used 8979K, capacity 9605K, committed 9728K, reserved 1048576K
}
Event: 33.916 GC heap before
{Heap before GC invocations=13 (full 0):
 garbage-first heap   total 260096K, used 156829K [0x0000000080000000, 0x0000000100000000)
  region size 1024K, 103 young (105472K), 12 survivors (12288K)
 Metaspace       used 76438K, capacity 78499K, committed 78592K, reserved 1118208K
  class space    used 9976K, capacity 10751K, committed 10752K, reserved 1048576K
}
Event: 33.930 GC heap after
{Heap after GC invocations=14 (full 0):
 garbage-first heap   total 260096K, used 70700K [0x0000000080000000, 0x0000000100000000)
  region size 1024K, 7 young (7168K), 7 survivors (7168K)
 Metaspace       used 76438K, capacity 78499K, committed 78592K, reserved 1118208K
  class space    used 9976K, capacity 10751K, committed 10752K, reserved 1048576K
}
Event: 35.523 GC heap before
{Heap before GC invocations=14 (full 0):
 garbage-first heap   total 260096K, used 165932K [0x0000000080000000, 0x0000000100000000)
  region size 1024K, 100 young (102400K), 7 survivors (7168K)
 Metaspace       used 83477K, capacity 85876K, committed 86144K, reserved 1124352K
  class space    used 10960K, capacity 11863K, committed 11904K, reserved 1048576K
}
Event: 35.541 GC heap after
{Heap after GC invocations=15 (full 0):
 garbage-first heap   total 260096K, used 77549K [0x0000000080000000, 0x0000000100000000)
  region size 1024K, 13 young (13312K), 13 survivors (13312K)
 Metaspace       used 83477K, capacity 85876K, committed 86144K, reserved 1124352K
  class space    used 10960K, capacity 11863K, committed 11904K, reserved 1048576K
}
Event: 37.662 GC heap before
{Heap before GC invocations=15 (full 0):
 garbage-first heap   total 260096K, used 173805K [0x0000000080000000, 0x0000000100000000)
  region size 1024K, 108 young (110592K), 13 survivors (13312K)
 Metaspace       used 87641K, capacity 90034K, committed 90240K, reserved 1126400K
  class space    used 11424K, capacity 12359K, committed 12416K, reserved 1048576K
}
Event: 37.684 GC heap after
{Heap after GC invocations=16 (full 0):
 garbage-first heap   total 260096K, used 82365K [0x0000000080000000, 0x0000000100000000)
  region size 1024K, 5 young (5120K), 5 survivors (5120K)
 Metaspace       used 87641K, capacity 90034K, committed 90240K, reserved 1126400K
  class space    used 11424K, capacity 12359K, committed 12416K, reserved 1048576K
}
Event: 40.786 GC heap before
{Heap before GC invocations=16 (full 0):
 garbage-first heap   total 260096K, used 180669K [0x0000000080000000, 0x0000000100000000)
  region size 1024K, 102 young (104448K), 5 survivors (5120K)
 Metaspace       used 91778K, capacity 94360K, committed 94592K, reserved 1130496K
  class space    used 11925K, capacity 12918K, committed 12928K, reserved 1048576K
}
Event: 40.806 GC heap after
{Heap after GC invocations=17 (full 0):
 garbage-first heap   total 260096K, used 89993K [0x0000000080000000, 0x0000000100000000)
  region size 1024K, 13 young (13312K), 13 survivors (13312K)
 Metaspace       used 91778K, capacity 94360K, committed 94592K, reserved 1130496K
  class space    used 11925K, capacity 12918K, committed 12928K, reserved 1048576K
}
Event: 57.171 GC heap before
{Heap before GC invocations=17 (full 0):
 garbage-first heap   total 260096K, used 187273K [0x0000000080000000, 0x0000000100000000)
  region size 1024K, 109 young (111616K), 13 survivors (13312K)
 Metaspace       used 95468K, capacity 98255K, committed 98560K, reserved 1134592K
  class space    used 12403K, capacity 13442K, committed 13568K, reserved 1048576K
}
Event: 57.206 GC heap after
{Heap after GC invocations=18 (full 0):
 garbage-first heap   total 260096K, used 96366K [0x0000000080000000, 0x0000000100000000)
  region size 1024K, 7 young (7168K), 7 survivors (7168K)
 Metaspace       used 95468K, capacity 98255K, committed 98560K, reserved 1134592K
  class space    used 12403K, capacity 13442K, committed 13568K, reserved 1048576K
}
Event: 90.963 GC heap before
{Heap before GC invocations=18 (full 0):
 garbage-first heap   total 260096K, used 193646K [0x0000000080000000, 0x0000000100000000)
  region size 1024K, 103 young (105472K), 7 survivors (7168K)
 Metaspace       used 96599K, capacity 99401K, committed 99584K, reserved 1134592K
  class space    used 12427K, capacity 13480K, committed 13568K, reserved 1048576K
}
Event: 90.978 GC heap after
{Heap after GC invocations=19 (full 0):
 garbage-first heap   total 260096K, used 98778K [0x0000000080000000, 0x0000000100000000)
  region size 1024K, 10 young (10240K), 10 survivors (10240K)
 Metaspace       used 96599K, capacity 99401K, committed 99584K, reserved 1134592K
  class space    used 12427K, capacity 13480K, committed 13568K, reserved 1048576K
}
Event: 114.217 GC heap before
{Heap before GC invocations=19 (full 0):
 garbage-first heap   total 260096K, used 197082K [0x0000000080000000, 0x0000000100000000)
  region size 1024K, 107 young (109568K), 10 survivors (10240K)
 Metaspace       used 97360K, capacity 100193K, committed 100352K, reserved 1136640K
  class space    used 12462K, capacity 13544K, committed 13568K, reserved 1048576K
}
Event: 114.232 GC heap after
{Heap after GC invocations=20 (full 0):
 garbage-first heap   total 260096K, used 101432K [0x0000000080000000, 0x0000000100000000)
  region size 1024K, 7 young (7168K), 7 survivors (7168K)
 Metaspace       used 97360K, capacity 100193K, committed 100352K, reserved 1136640K
  class space    used 12462K, capacity 13544K, committed 13568K, reserved 1048576K
}
Event: 126.506 GC heap before
{Heap before GC invocations=20 (full 0):
 garbage-first heap   total 260096K, used 200760K [0x0000000080000000, 0x0000000100000000)
  region size 1024K, 105 young (107520K), 7 survivors (7168K)
 Metaspace       used 102736K, capacity 106053K, committed 106240K, reserved 1140736K
  class space    used 13235K, capacity 14592K, committed 14592K, reserved 1048576K
}
Event: 126.524 GC heap after
{Heap after GC invocations=21 (full 0):
 garbage-first heap   total 260096K, used 108918K [0x0000000080000000, 0x0000000100000000)
  region size 1024K, 14 young (14336K), 14 survivors (14336K)
 Metaspace       used 102736K, capacity 106053K, committed 106240K, reserved 1140736K
  class space    used 13235K, capacity 14592K, committed 14592K, reserved 1048576K
}
Event: 128.074 GC heap before
{Heap before GC invocations=21 (full 0):
 garbage-first heap   total 260096K, used 189814K [0x0000000080000000, 0x0000000100000000)
  region size 1024K, 95 young (97280K), 14 survivors (14336K)
 Metaspace       used 109401K, capacity 112948K, committed 113024K, reserved 1146880K
  class space    used 14234K, capacity 15674K, committed 15744K, reserved 1048576K
}
Event: 128.114 GC heap after
{Heap after GC invocations=22 (full 0):
 garbage-first heap   total 260096K, used 110924K [0x0000000080000000, 0x0000000100000000)
  region size 1024K, 3 young (3072K), 3 survivors (3072K)
 Metaspace       used 109401K, capacity 112948K, committed 113024K, reserved 1146880K
  class space    used 14234K, capacity 15674K, committed 15744K, reserved 1048576K
}

